<?xml version="1.0" encoding="UTF-8"?>
<robot generator="Robot 4.1 (Python 3.8.10 on linux)" generated="20210812 11:48:26.705" rpa="false" schemaversion="2">
<suite id="s1" name="Test suite 1" source="/home/hung/VisualStudioCodeProjects/test-robotframework/WritingTestCases/Test_suite_1.robot">
<test id="s1-t1" name="TC1">
<kw name="Test Browser" library="browseropen">
<kw name="Open Browser" library="SeleniumLibrary">
<arg>${url}</arg>
<arg>${browser}</arg>
<doc>Opens a new browser instance to the optional ``url``.</doc>
<msg timestamp="20210812 11:48:26.877" level="INFO">Opening browser 'chrome' to base url 'https://google.com/'.</msg>
<status status="PASS" starttime="20210812 11:48:26.877" endtime="20210812 11:48:30.534"/>
</kw>
<kw name="Maximize Browser Window" library="SeleniumLibrary">
<doc>Maximizes current browser window.</doc>
<status status="PASS" starttime="20210812 11:48:30.534" endtime="20210812 11:48:30.641"/>
</kw>
<kw name="Input Text" library="SeleniumLibrary">
<arg>name:q</arg>
<arg>xbox reviews</arg>
<doc>Types the given ``text`` into the text field identified by ``locator``.</doc>
<msg timestamp="20210812 11:48:30.641" level="INFO">Typing text 'xbox reviews' into text field 'name:q'.</msg>
<status status="PASS" starttime="20210812 11:48:30.641" endtime="20210812 11:48:30.785"/>
</kw>
<kw name="Sleep" library="BuiltIn">
<arg>3s</arg>
<doc>Pauses the test executed for the given time.</doc>
<msg timestamp="20210812 11:48:33.786" level="INFO">Slept 3 seconds</msg>
<status status="PASS" starttime="20210812 11:48:30.786" endtime="20210812 11:48:33.786"/>
</kw>
<kw name="Click Element" library="SeleniumLibrary">
<arg>name:btnK</arg>
<doc>Click the element identified by ``locator``.</doc>
<msg timestamp="20210812 11:48:33.786" level="INFO">Clicking element 'name:btnK'.</msg>
<status status="PASS" starttime="20210812 11:48:33.786" endtime="20210812 11:48:36.796"/>
</kw>
<kw name="Sleep" library="BuiltIn">
<arg>3s</arg>
<doc>Pauses the test executed for the given time.</doc>
<msg timestamp="20210812 11:48:39.797" level="INFO">Slept 3 seconds</msg>
<status status="PASS" starttime="20210812 11:48:36.796" endtime="20210812 11:48:39.797"/>
</kw>
<status status="PASS" starttime="20210812 11:48:26.876" endtime="20210812 11:48:39.797"/>
</kw>
<kw name="Close Browser" library="SeleniumLibrary">
<doc>Closes the current browser.</doc>
<status status="PASS" starttime="20210812 11:48:39.797" endtime="20210812 11:48:39.915"/>
</kw>
<status status="PASS" starttime="20210812 11:48:26.876" endtime="20210812 11:48:39.915"/>
</test>
<test id="s1-t2" name="TC2">
<kw name="Set Variable" library="BuiltIn">
<var>${a}</var>
<arg>Hi</arg>
<doc>Returns the given values which can then be assigned to a variables.</doc>
<msg timestamp="20210812 11:48:39.927" level="INFO">${a} = Hi</msg>
<status status="PASS" starttime="20210812 11:48:39.927" endtime="20210812 11:48:39.927"/>
</kw>
<kw name="Log" library="BuiltIn">
<arg>${a}</arg>
<doc>Logs the given message with the given level.</doc>
<msg timestamp="20210812 11:48:39.928" level="INFO">Hi</msg>
<status status="PASS" starttime="20210812 11:48:39.928" endtime="20210812 11:48:39.928"/>
</kw>
<kw name="Set Variable If" library="BuiltIn">
<var>${b}</var>
<arg>${number} &gt; 0</arg>
<arg>Yes</arg>
<arg>No</arg>
<doc>Sets variable based on the given condition.</doc>
<msg timestamp="20210812 11:48:39.928" level="INFO">${b} = Yes</msg>
<status status="PASS" starttime="20210812 11:48:39.928" endtime="20210812 11:48:39.928"/>
</kw>
<kw name="Log" library="BuiltIn">
<arg>${b}</arg>
<doc>Logs the given message with the given level.</doc>
<msg timestamp="20210812 11:48:39.929" level="INFO">Yes</msg>
<status status="PASS" starttime="20210812 11:48:39.928" endtime="20210812 11:48:39.929"/>
</kw>
<doc>Using variables</doc>
<tag>TC2</tag>
<status status="PASS" starttime="20210812 11:48:39.927" endtime="20210812 11:48:39.929"/>
</test>
<status status="PASS" starttime="20210812 11:48:26.706" endtime="20210812 11:48:39.930"/>
</suite>
<statistics>
<total>
<stat pass="2" fail="0" skip="0">All Tests</stat>
</total>
<tag>
<stat pass="1" fail="0" skip="0">TC2</stat>
</tag>
<suite>
<stat pass="2" fail="0" skip="0" id="s1" name="Test suite 1">Test suite 1</stat>
</suite>
</statistics>
<errors>
</errors>
</robot>
